# JRE version: Java(TM) SE Runtime Environment (8.0_92-b14) (build 1.8.0_92-b14)
# Java VM: Java HotSpot(TM) 64-Bit Server VM (25.92-b14 mixed mode bsd-amd64 compressed oops)
Heap:
 PSYoungGen      total 1100800K, used 31799K [0x0000000615580000, 0x0000000682800000, 0x00000007c0000000)
  eden space 1022976K, 3% used [0x0000000615580000,0x000000061748dd88,0x0000000653c80000)
  from space 77824K, 0% used [0x0000000653c80000,0x0000000653c80000,0x0000000658880000)
  to   space 75776K, 0% used [0x000000067de00000,0x000000067de00000,0x0000000682800000)
 ParOldGen       total 119808K, used 22304K [0x00000002c0000000, 0x00000002c7500000, 0x0000000615580000)
  object space 119808K, 18% used [0x00000002c0000000,0x00000002c15c8268,0x00000002c7500000)
 Metaspace       used 21410K, capacity 21594K, committed 21808K, reserved 1069056K
  class space    used 2095K, capacity 2162K, committed 2176K, reserved 1048576K
GC Heap History (10 events):
Event: 3.990 GC heap before
{Heap before GC invocations=6 (full 0):
 PSYoungGen      total 272896K, used 272889K [0x0000000615580000, 0x000000063ac80000, 0x00000007c0000000)
  eden space 262144K, 100% used [0x0000000615580000,0x0000000625580000,0x0000000625580000)
  from space 10752K, 99% used [0x0000000625580000,0x0000000625ffe760,0x0000000626000000)
  to   space 44544K, 0% used [0x0000000638100000,0x0000000638100000,0x000000063ac80000)
 ParOldGen       total 175104K, used 68786K [0x00000002c0000000, 0x00000002cab00000, 0x0000000615580000)
  object space 175104K, 39% used [0x00000002c0000000,0x00000002c432cb20,0x00000002cab00000)
 Metaspace       used 17492K, capacity 17672K, committed 17920K, reserved 1064960K
  class space    used 1692K, capacity 1775K, committed 1792K, reserved 1048576K
Event: 4.019 GC heap after
Heap after GC invocations=6 (full 0):
 PSYoungGen      total 563200K, used 40351K [0x0000000615580000, 0x000000063b780000, 0x00000007c0000000)
  eden space 518656K, 0% used [0x0000000615580000,0x0000000615580000,0x0000000635000000)
  from space 44544K, 90% used [0x0000000638100000,0x000000063a867cb8,0x000000063ac80000)
  to   space 50176K, 0% used [0x0000000635000000,0x0000000635000000,0x0000000638100000)
 ParOldGen       total 175104K, used 68786K [0x00000002c0000000, 0x00000002cab00000, 0x0000000615580000)
  object space 175104K, 39% used [0x00000002c0000000,0x00000002c432cb20,0x00000002cab00000)
 Metaspace       used 17492K, capacity 17672K, committed 17920K, reserved 1064960K
  class space    used 1692K, capacity 1775K, committed 1792K, reserved 1048576K
}
Event: 4.916 GC heap before
{Heap before GC invocations=7 (full 0):
 PSYoungGen      total 563200K, used 559007K [0x0000000615580000, 0x000000063b780000, 0x00000007c0000000)
  eden space 518656K, 100% used [0x0000000615580000,0x0000000635000000,0x0000000635000000)
  from space 44544K, 90% used [0x0000000638100000,0x000000063a867cb8,0x000000063ac80000)
  to   space 50176K, 0% used [0x0000000635000000,0x0000000635000000,0x0000000638100000)
 ParOldGen       total 175104K, used 68786K [0x00000002c0000000, 0x00000002cab00000, 0x0000000615580000)
  object space 175104K, 39% used [0x00000002c0000000,0x00000002c432cb20,0x00000002cab00000)
 Metaspace       used 17514K, capacity 17672K, committed 17920K, reserved 1064960K
  class space    used 1692K, capacity 1775K, committed 1792K, reserved 1048576K
Event: 4.967 GC heap after
Heap after GC invocations=7 (full 0):
 PSYoungGen      total 568832K, used 50171K [0x0000000615580000, 0x000000065c680000, 0x00000007c0000000)
  eden space 518656K, 0% used [0x0000000615580000,0x0000000615580000,0x0000000635000000)
  from space 50176K, 99% used [0x0000000635000000,0x00000006380fecc0,0x0000000638100000)
  to   space 63488K, 0% used [0x0000000658880000,0x0000000658880000,0x000000065c680000)
 ParOldGen       total 175104K, used 78641K [0x00000002c0000000, 0x00000002cab00000, 0x0000000615580000)
  object space 175104K, 44% used [0x00000002c0000000,0x00000002c4ccc640,0x00000002cab00000)
 Metaspace       used 17514K, capacity 17672K, committed 17920K, reserved 1064960K
  class space    used 1692K, capacity 1775K, committed 1792K, reserved 1048576K
}
Event: 5.663 GC heap before
{Heap before GC invocations=8 (full 0):
 PSYoungGen      total 568832K, used 568827K [0x0000000615580000, 0x000000065c680000, 0x00000007c0000000)
  eden space 518656K, 100% used [0x0000000615580000,0x0000000635000000,0x0000000635000000)
  from space 50176K, 99% used [0x0000000635000000,0x00000006380fecc0,0x0000000638100000)
  to   space 63488K, 0% used [0x0000000658880000,0x0000000658880000,0x000000065c680000)
 ParOldGen       total 175104K, used 78641K [0x00000002c0000000, 0x00000002cab00000, 0x0000000615580000)
  object space 175104K, 44% used [0x00000002c0000000,0x00000002c4ccc640,0x00000002cab00000)
 Metaspace       used 17525K, capacity 17672K, committed 17920K, reserved 1064960K
  class space    used 1692K, capacity 1775K, committed 1792K, reserved 1048576K
Event: 5.717 GC heap after
Heap after GC invocations=8 (full 0):
 PSYoungGen      total 1086464K, used 63472K [0x0000000615580000, 0x000000065e280000, 0x00000007c0000000)
  eden space 1022976K, 0% used [0x0000000615580000,0x0000000615580000,0x0000000653c80000)
  from space 63488K, 99% used [0x0000000658880000,0x000000065c67c318,0x000000065c680000)
  to   space 77824K, 0% used [0x0000000653c80000,0x0000000653c80000,0x0000000658880000)
 ParOldGen       total 175104K, used 88470K [0x00000002c0000000, 0x00000002cab00000, 0x0000000615580000)
  object space 175104K, 50% used [0x00000002c0000000,0x00000002c5665a58,0x00000002cab00000)
 Metaspace       used 17525K, capacity 17672K, committed 17920K, reserved 1064960K
  class space    used 1692K, capacity 1775K, committed 1792K, reserved 1048576K
}
Event: 6.292 GC heap before
{Heap before GC invocations=9 (full 0):
 PSYoungGen      total 1086464K, used 248136K [0x0000000615580000, 0x000000065e280000, 0x00000007c0000000)
  eden space 1022976K, 18% used [0x0000000615580000,0x00000006209d5d28,0x0000000653c80000)
  from space 63488K, 99% used [0x0000000658880000,0x000000065c67c318,0x000000065c680000)
  to   space 77824K, 0% used [0x0000000653c80000,0x0000000653c80000,0x0000000658880000)
 ParOldGen       total 175104K, used 88470K [0x00000002c0000000, 0x00000002cab00000, 0x0000000615580000)
  object space 175104K, 50% used [0x00000002c0000000,0x00000002c5665a58,0x00000002cab00000)
 Metaspace       used 21059K, capacity 21178K, committed 21296K, reserved 1069056K
  class space    used 2063K, capacity 2130K, committed 2176K, reserved 1048576K
Event: 6.310 GC heap after
Heap after GC invocations=9 (full 0):
 PSYoungGen      total 1100800K, used 24548K [0x0000000615580000, 0x0000000682800000, 0x00000007c0000000)
  eden space 1022976K, 0% used [0x0000000615580000,0x0000000615580000,0x0000000653c80000)
  from space 77824K, 31% used [0x0000000653c80000,0x0000000655479308,0x0000000658880000)
  to   space 75776K, 0% used [0x000000067de00000,0x000000067de00000,0x0000000682800000)
 ParOldGen       total 175104K, used 89550K [0x00000002c0000000, 0x00000002cab00000, 0x0000000615580000)
  object space 175104K, 51% used [0x00000002c0000000,0x00000002c5773a58,0x00000002cab00000)
 Metaspace       used 21059K, capacity 21178K, committed 21296K, reserved 1069056K
  class space    used 2063K, capacity 2130K, committed 2176K, reserved 1048576K
}
Event: 6.310 GC heap before
{Heap before GC invocations=10 (full 1):
 PSYoungGen      total 1100800K, used 24548K [0x0000000615580000, 0x0000000682800000, 0x00000007c0000000)
  eden space 1022976K, 0% used [0x0000000615580000,0x0000000615580000,0x0000000653c80000)
  from space 77824K, 31% used [0x0000000653c80000,0x0000000655479308,0x0000000658880000)
  to   space 75776K, 0% used [0x000000067de00000,0x000000067de00000,0x0000000682800000)
 ParOldGen       total 175104K, used 89550K [0x00000002c0000000, 0x00000002cab00000, 0x0000000615580000)
  object space 175104K, 51% used [0x00000002c0000000,0x00000002c5773a58,0x00000002cab00000)
 Metaspace       used 21059K, capacity 21178K, committed 21296K, reserved 1069056K
  class space    used 2063K, capacity 2130K, committed 2176K, reserved 1048576K
Event: 6.334 GC heap after
Heap after GC invocations=10 (full 1):
 PSYoungGen      total 1100800K, used 0K [0x0000000615580000, 0x0000000682800000, 0x00000007c0000000)
  eden space 1022976K, 0% used [0x0000000615580000,0x0000000615580000,0x0000000653c80000)
  from space 77824K, 0% used [0x0000000653c80000,0x0000000653c80000,0x0000000658880000)
  to   space 75776K, 0% used [0x000000067de00000,0x000000067de00000,0x0000000682800000)
 ParOldGen       total 119808K, used 22304K [0x00000002c0000000, 0x00000002c7500000, 0x0000000615580000)
  object space 119808K, 18% used [0x00000002c0000000,0x00000002c15c8268,0x00000002c7500000)
 Metaspace       used 21059K, capacity 21178K, committed 21296K, reserved 1069056K
  class space    used 2063K, capacity 2130K, committed 2176K, reserved 1048576K
}

