# JRE version: Java(TM) SE Runtime Environment (8.0_92-b14) (build 1.8.0_92-b14)
# Java VM: Java HotSpot(TM) 64-Bit Server VM (25.92-b14 mixed mode bsd-amd64 compressed oops)
Heap:
 PSYoungGen      total 141824K, used 122475K [0x0000000615580000, 0x000000061ea80000, 0x00000007c0000000)
  eden space 131072K, 85% used [0x0000000615580000,0x000000061c29db58,0x000000061d580000)
  from space 10752K, 99% used [0x000000061e000000,0x000000061ea7d2d0,0x000000061ea80000)
  to   space 10752K, 0% used [0x000000061d580000,0x000000061d580000,0x000000061e000000)
 ParOldGen       total 175104K, used 24093K [0x00000002c0000000, 0x00000002cab00000, 0x0000000615580000)
  object space 175104K, 13% used [0x00000002c0000000,0x00000002c17875c8,0x00000002cab00000)
 Metaspace       used 14913K, capacity 15080K, committed 15360K, reserved 1062912K
  class space    used 1419K, capacity 1487K, committed 1536K, reserved 1048576K
GC Heap History (4 events):
Event: 0.625 GC heap before
{Heap before GC invocations=1 (full 0):
 PSYoungGen      total 76288K, used 65536K [0x0000000615580000, 0x000000061aa80000, 0x00000007c0000000)
  eden space 65536K, 100% used [0x0000000615580000,0x0000000619580000,0x0000000619580000)
  from space 10752K, 0% used [0x000000061a000000,0x000000061a000000,0x000000061aa80000)
  to   space 10752K, 0% used [0x0000000619580000,0x0000000619580000,0x000000061a000000)
 ParOldGen       total 175104K, used 0K [0x00000002c0000000, 0x00000002cab00000, 0x0000000615580000)
  object space 175104K, 0% used [0x00000002c0000000,0x00000002c0000000,0x00000002cab00000)
 Metaspace       used 7369K, capacity 7470K, committed 7552K, reserved 1056768K
  class space    used 825K, capacity 849K, committed 896K, reserved 1048576K
Event: 0.641 GC heap after
Heap after GC invocations=1 (full 0):
 PSYoungGen      total 76288K, used 10724K [0x0000000615580000, 0x000000061ea80000, 0x00000007c0000000)
  eden space 65536K, 0% used [0x0000000615580000,0x0000000615580000,0x0000000619580000)
  from space 10752K, 99% used [0x0000000619580000,0x0000000619ff92a0,0x000000061a000000)
  to   space 10752K, 0% used [0x000000061e000000,0x000000061e000000,0x000000061ea80000)
 ParOldGen       total 175104K, used 7005K [0x00000002c0000000, 0x00000002cab00000, 0x0000000615580000)
  object space 175104K, 4% used [0x00000002c0000000,0x00000002c06d75c8,0x00000002cab00000)
 Metaspace       used 7369K, capacity 7470K, committed 7552K, reserved 1056768K
  class space    used 825K, capacity 849K, committed 896K, reserved 1048576K
}
Event: 0.773 GC heap before
{Heap before GC invocations=2 (full 0):
 PSYoungGen      total 76288K, used 76260K [0x0000000615580000, 0x000000061ea80000, 0x00000007c0000000)
  eden space 65536K, 100% used [0x0000000615580000,0x0000000619580000,0x0000000619580000)
  from space 10752K, 99% used [0x0000000619580000,0x0000000619ff92a0,0x000000061a000000)
  to   space 10752K, 0% used [0x000000061e000000,0x000000061e000000,0x000000061ea80000)
 ParOldGen       total 175104K, used 7005K [0x00000002c0000000, 0x00000002cab00000, 0x0000000615580000)
  object space 175104K, 4% used [0x00000002c0000000,0x00000002c06d75c8,0x00000002cab00000)
 Metaspace       used 7400K, capacity 7470K, committed 7552K, reserved 1056768K
  class space    used 827K, capacity 849K, committed 896K, reserved 1048576K
Event: 0.796 GC heap after
Heap after GC invocations=2 (full 0):
 PSYoungGen      total 141824K, used 10740K [0x0000000615580000, 0x000000061ea80000, 0x00000007c0000000)
  eden space 131072K, 0% used [0x0000000615580000,0x0000000615580000,0x000000061d580000)
  from space 10752K, 99% used [0x000000061e000000,0x000000061ea7d2d0,0x000000061ea80000)
  to   space 10752K, 0% used [0x000000061d580000,0x000000061d580000,0x000000061e000000)
 ParOldGen       total 175104K, used 24093K [0x00000002c0000000, 0x00000002cab00000, 0x0000000615580000)
  object space 175104K, 13% used [0x00000002c0000000,0x00000002c17875c8,0x00000002cab00000)
 Metaspace       used 7400K, capacity 7470K, committed 7552K, reserved 1056768K
  class space    used 827K, capacity 849K, committed 896K, reserved 1048576K
}

